Using pre-set license
Built from '2020.3/staging' branch; Version is '2020.3.33f1 (915a7af8b0d5) revision 9525882'; Using compiler version '192528614'; Build Type 'Release'
OS: 'Windows 10  (10.0.19044) 64bit Professional' Language: 'es' Physical Memory: 16249 MB
BatchMode: 1, IsHumanControllingUs: 0, StartBugReporterOnCrash: 0, Is64bit: 1, IsPro: 0

COMMAND LINE ARGUMENTS:
C:\Program Files\Unity\Hub\Editor\2020.3.33f1\Editor\Unity.exe
-adb2
-batchMode
-noUpm
-name
AssetImportWorker0
-projectPath
C:/Users/Emanuel/Documents/Proyectos Unity/topdowngame
-logFile
Logs/AssetImportWorker0.log
-srvPort
52916
Successfully changed project path to: C:/Users/Emanuel/Documents/Proyectos Unity/topdowngame
C:/Users/Emanuel/Documents/Proyectos Unity/topdowngame
Using Asset Import Pipeline V2.
Refreshing native plugins compatible for Editor in 36.66 ms, found 2 plugins.
Preloading 0 native plugins for Editor in 0.00 ms.
Initialize engine version: 2020.3.33f1 (915a7af8b0d5)
[Subsystems] Discovering subsystems at path C:/Program Files/Unity/Hub/Editor/2020.3.33f1/Editor/Data/Resources/UnitySubsystems
[Subsystems] Discovering subsystems at path C:/Users/Emanuel/Documents/Proyectos Unity/topdowngame/Assets
GfxDevice: creating device client; threaded=0
Direct3D:
    Version:  Direct3D 11.0 [level 11.0]
    Renderer: NVIDIA GeForce GT 730 (ID=0x1287)
    Vendor:   
    VRAM:     2007 MB
    Driver:   30.0.14.7212
Initialize mono
Mono path[0] = 'C:/Program Files/Unity/Hub/Editor/2020.3.33f1/Editor/Data/Managed'
Mono path[1] = 'C:/Program Files/Unity/Hub/Editor/2020.3.33f1/Editor/Data/MonoBleedingEdge/lib/mono/unityjit'
Mono config path = 'C:/Program Files/Unity/Hub/Editor/2020.3.33f1/Editor/Data/MonoBleedingEdge/etc'
Using monoOptions --debugger-agent=transport=dt_socket,embedding=1,server=y,suspend=n,address=127.0.0.1:56180
Begin MonoManager ReloadAssembly
Registering precompiled unity dll's ...
Register platform support module: C:/Program Files/Unity/Hub/Editor/2020.3.33f1/Editor/Data/PlaybackEngines/WebGLSupport/UnityEditor.WebGL.Extensions.dll
Register platform support module: C:/Program Files/Unity/Hub/Editor/2020.3.33f1/Editor/Data/PlaybackEngines/WindowsStandaloneSupport/UnityEditor.WindowsStandalone.Extensions.dll
Registered in 0.001895 seconds.
Native extension for WindowsStandalone target not found
Native extension for WebGL target not found
Refreshing native plugins compatible for Editor in 44.98 ms, found 2 plugins.
Preloading 0 native plugins for Editor in 0.00 ms.
Mono: successfully reloaded assembly
- Completed reload, in  1.087 seconds
Domain Reload Profiling:
	ReloadAssembly (1087ms)
		BeginReloadAssembly (92ms)
			ExecutionOrderSort (0ms)
			DisableScriptedObjects (0ms)
			BackupInstance (0ms)
			ReleaseScriptingObjects (0ms)
			CreateAndSetChildDomain (1ms)
		EndReloadAssembly (887ms)
			LoadAssemblies (90ms)
			RebuildTransferFunctionScriptingTraits (0ms)
			SetupTypeCache (403ms)
			ReleaseScriptCaches (0ms)
			RebuildScriptCaches (73ms)
			SetupLoadedEditorAssemblies (235ms)
				LogAssemblyErrors (0ms)
				InitializePlatformSupportModulesInManaged (7ms)
				SetLoadedEditorAssemblies (0ms)
				RefreshPlugins (45ms)
				BeforeProcessingInitializeOnLoad (21ms)
				ProcessInitializeOnLoadAttributes (115ms)
				ProcessInitializeOnLoadMethodAttributes (47ms)
				AfterProcessingInitializeOnLoad (0ms)
				EditorAssembliesLoaded (0ms)
			ExecutionOrderSort2 (0ms)
			AwakeInstancesAfterBackupRestoration (0ms)
Platform modules already initialized, skipping
Registering precompiled user dll's ...
Registered in 0.002592 seconds.
Begin MonoManager ReloadAssembly
Symbol file LoadedFromMemory doesn't match image C:\Users\Emanuel\Documents\Proyectos Unity\topdowngame\Library\PackageCache\com.unity.collab-proxy@1.15.15\Lib\Editor\PlasticSCM\unityplastic.dll
Native extension for WindowsStandalone target not found
Native extension for WebGL target not found
Refreshing native plugins compatible for Editor in 0.39 ms, found 2 plugins.
Preloading 0 native plugins for Editor in 0.00 ms.
Mono: successfully reloaded assembly
- Completed reload, in  1.393 seconds
Domain Reload Profiling:
	ReloadAssembly (1394ms)
		BeginReloadAssembly (195ms)
			ExecutionOrderSort (0ms)
			DisableScriptedObjects (7ms)
			BackupInstance (0ms)
			ReleaseScriptingObjects (0ms)
			CreateAndSetChildDomain (25ms)
		EndReloadAssembly (1121ms)
			LoadAssemblies (115ms)
			RebuildTransferFunctionScriptingTraits (0ms)
			SetupTypeCache (383ms)
			ReleaseScriptCaches (1ms)
			RebuildScriptCaches (58ms)
			SetupLoadedEditorAssemblies (423ms)
				LogAssemblyErrors (0ms)
				InitializePlatformSupportModulesInManaged (6ms)
				SetLoadedEditorAssemblies (1ms)
				RefreshPlugins (1ms)
				BeforeProcessingInitializeOnLoad (137ms)
				ProcessInitializeOnLoadAttributes (264ms)
				ProcessInitializeOnLoadMethodAttributes (9ms)
				AfterProcessingInitializeOnLoad (5ms)
				EditorAssembliesLoaded (0ms)
			ExecutionOrderSort2 (0ms)
			AwakeInstancesAfterBackupRestoration (8ms)
Platform modules already initialized, skipping
========================================================================
Worker process is ready to serve import requests
Launched and connected shader compiler UnityShaderCompiler.exe after 0.10 seconds
Refreshing native plugins compatible for Editor in 0.35 ms, found 2 plugins.
Preloading 0 native plugins for Editor in 0.00 ms.
Unloading 1511 Unused Serialized files (Serialized files now loaded: 0)
System memory in use before: 70.4 MB.
System memory in use after: 70.5 MB.

Unloading 16 unused Assets to reduce memory usage. Loaded Objects now: 1949.
Total: 2.887400 ms (FindLiveObjects: 0.133500 ms CreateObjectMapping: 0.060600 ms MarkObjects: 2.622400 ms  DeleteObjects: 0.069800 ms)

AssetImportParameters requested are different than current active one (requested -> active):
  custom:framework-win-MediaFoundation: 216162199b28c13a410421893ffa2e32 -> 
  custom:video-decoder-ogg-theora: a1e56fd34408186e4bbccfd4996cb3dc -> 
  custom:container-muxer-webm: aa71ff27fc2769a1b78a27578f13a17b -> 
  custom:container-demuxer-webm: 4f35f7cbe854078d1ac9338744f61a02 -> 
  custom:container-demuxer-ogg: 62fdf1f143b41e24485cea50d1cbac27 -> 
  custom:video-encoder-webm-vp8: eb34c28f22e8b96e1ab97ce403110664 -> 
  custom:video-decoder-webm-vp8: 9c59270c3fd7afecdb556c50c9e8de78 -> 
  custom:audio-decoder-ogg-vorbis: bf7c407c2cedff20999df2af8eb42d56 -> 
  custom:audio-encoder-webm-vorbis: bf7c407c2cedff20999df2af8eb42d56 -> 
========================================================================
Received Import Request.
  path: Assets/Kevin Iglesias/Melee Warrior Animations/AnimatorControllers
  artifactKey: Guid(417d464edc4cb2e4cbd6c35b77690a45) Importer(815301076,1909f56bfc062723c751e8b465ee728b)
Start importing Assets/Kevin Iglesias/Melee Warrior Animations/AnimatorControllers using Guid(417d464edc4cb2e4cbd6c35b77690a45) Importer(815301076,1909f56bfc062723c751e8b465ee728b)  -> (artifact id: '3ccdd75903857ffafedcd953cce8c577') in 0.010097 seconds 
========================================================================
Received Import Request.
  Time since last request: 0.001311 seconds.
  path: Assets/Kevin Iglesias/Melee Warrior Animations/Melee Warrior - Demo Scene.unity
  artifactKey: Guid(5e6860a0339eb9b4a8b8d56569700917) Importer(815301076,1909f56bfc062723c751e8b465ee728b)
Start importing Assets/Kevin Iglesias/Melee Warrior Animations/Melee Warrior - Demo Scene.unity using Guid(5e6860a0339eb9b4a8b8d56569700917) Importer(815301076,1909f56bfc062723c751e8b465ee728b)  -> (artifact id: '1f70957f6eed6a7ddca5c1b9b5874ad9') in 0.016517 seconds 
========================================================================
Received Import Request.
  Time since last request: 0.370008 seconds.
  path: Assets/Kevin Iglesias/Melee Warrior Animations/AnimatorControllers/MW@Death01.controller
  artifactKey: Guid(cf46434a751dc3f409cc9baba1a8e386) Importer(815301076,1909f56bfc062723c751e8b465ee728b)
Start importing Assets/Kevin Iglesias/Melee Warrior Animations/AnimatorControllers/MW@Death01.controller using Guid(cf46434a751dc3f409cc9baba1a8e386) Importer(815301076,1909f56bfc062723c751e8b465ee728b)  -> (artifact id: 'c98a8fa7ddf64e6adba349d340731c99') in 0.061220 seconds 
========================================================================
Received Import Request.
  Time since last request: 16.796478 seconds.
  path: Assets/Kevin Iglesias/Melee Warrior Animations/AnimatorControllers/1H
  artifactKey: Guid(00a44ee4d6bed8f4680098a61d4308fb) Importer(815301076,1909f56bfc062723c751e8b465ee728b)
Start importing Assets/Kevin Iglesias/Melee Warrior Animations/AnimatorControllers/1H using Guid(00a44ee4d6bed8f4680098a61d4308fb) Importer(815301076,1909f56bfc062723c751e8b465ee728b)  -> (artifact id: '2f64f68e3b64ed495b677c472ae011d9') in 0.009373 seconds 
========================================================================
Received Import Request.
  Time since last request: 1.042383 seconds.
  path: Assets/Kevin Iglesias/Melee Warrior Animations/AnimatorControllers/1H/1H@CombatIdle.controller
  artifactKey: Guid(92efc5a6051953a4db45a52f72df44cc) Importer(815301076,1909f56bfc062723c751e8b465ee728b)
Start importing Assets/Kevin Iglesias/Melee Warrior Animations/AnimatorControllers/1H/1H@CombatIdle.controller using Guid(92efc5a6051953a4db45a52f72df44cc) Importer(815301076,1909f56bfc062723c751e8b465ee728b)  -> (artifact id: '9e6152bfb4c96e2ee1b629d4d6e282f9') in 0.079892 seconds 
========================================================================
Received Import Request.
  Time since last request: 7.413285 seconds.
  path: Assets/Kevin Iglesias/Melee Warrior Animations/Animations/OneHanded/1H@CombatIdle01.fbx
  artifactKey: Guid(f8c2d6a0ce3bc2d40b090cd67dd23862) Importer(815301076,1909f56bfc062723c751e8b465ee728b)
Start importing Assets/Kevin Iglesias/Melee Warrior Animations/Animations/OneHanded/1H@CombatIdle01.fbx using Guid(f8c2d6a0ce3bc2d40b090cd67dd23862) Importer(815301076,1909f56bfc062723c751e8b465ee728b)  -> (artifact id: 'b51314b194131143168ea773dfffec87') in 0.061102 seconds 
========================================================================
Received Import Request.
  Time since last request: 0.000215 seconds.
  path: Assets/Kevin Iglesias/Melee Warrior Animations/Animations/OneHanded/1H@TakeDamage01.fbx
  artifactKey: Guid(b02430a054524da49b8a1b7470eb4b58) Importer(815301076,1909f56bfc062723c751e8b465ee728b)
Start importing Assets/Kevin Iglesias/Melee Warrior Animations/Animations/OneHanded/1H@TakeDamage01.fbx using Guid(b02430a054524da49b8a1b7470eb4b58) Importer(815301076,1909f56bfc062723c751e8b465ee728b)  -> (artifact id: '477d9ffb5bf6a28e78a81348c77733d7') in 0.017987 seconds 
========================================================================
Received Import Request.
  Time since last request: 47.977698 seconds.
  path: Assets/Barbarian/Animators/Barbarian Animator Controller.controller
  artifactKey: Guid(8615e1444db51e7458fde3300b2fd44b) Importer(815301076,1909f56bfc062723c751e8b465ee728b)
Start importing Assets/Barbarian/Animators/Barbarian Animator Controller.controller using Guid(8615e1444db51e7458fde3300b2fd44b) Importer(815301076,1909f56bfc062723c751e8b465ee728b)  -> (artifact id: 'a783f7cc66b03e92894d9ce4ca157298') in 0.020988 seconds 
========================================================================
Received Import Request.
  Time since last request: 18.743354 seconds.
  path: Assets/Kevin Iglesias/Melee Warrior Animations/AnimatorControllers/1H/1H@RunBackward.controller
  artifactKey: Guid(705ce6546e50d914e8399e44318596e7) Importer(815301076,1909f56bfc062723c751e8b465ee728b)
Start importing Assets/Kevin Iglesias/Melee Warrior Animations/AnimatorControllers/1H/1H@RunBackward.controller using Guid(705ce6546e50d914e8399e44318596e7) Importer(815301076,1909f56bfc062723c751e8b465ee728b)  -> (artifact id: 'e40ab0f2060cc68abc85336a27b12e8c') in 0.012598 seconds 
========================================================================
Received Import Request.
  Time since last request: 5.313277 seconds.
  path: Assets/Kevin Iglesias/Melee Warrior Animations/AnimatorControllers/1H/1H@RunBackwardLeft.controller
  artifactKey: Guid(d2575006a30e3874184495ee08a763ca) Importer(815301076,1909f56bfc062723c751e8b465ee728b)
Start importing Assets/Kevin Iglesias/Melee Warrior Animations/AnimatorControllers/1H/1H@RunBackwardLeft.controller using Guid(d2575006a30e3874184495ee08a763ca) Importer(815301076,1909f56bfc062723c751e8b465ee728b)  -> (artifact id: '11ef6796530add61bbca6e5d461ee529') in 0.020223 seconds 
========================================================================
Received Import Request.
  Time since last request: 0.999088 seconds.
  path: Assets/Kevin Iglesias/Melee Warrior Animations/AnimatorControllers/1H/1H@RunBackwardRight.controller
  artifactKey: Guid(8ea3f04f627c24b498a33d15fb5ee83c) Importer(815301076,1909f56bfc062723c751e8b465ee728b)
Start importing Assets/Kevin Iglesias/Melee Warrior Animations/AnimatorControllers/1H/1H@RunBackwardRight.controller using Guid(8ea3f04f627c24b498a33d15fb5ee83c) Importer(815301076,1909f56bfc062723c751e8b465ee728b)  -> (artifact id: '95e59e746fcde192c9288a8b6d40e886') in 0.012052 seconds 
========================================================================
Received Import Request.
  Time since last request: 0.888497 seconds.
  path: Assets/Kevin Iglesias/Melee Warrior Animations/AnimatorControllers/1H/1H@RunForward.controller
  artifactKey: Guid(bc76af0d5ade37747bd4f4a7a41637b8) Importer(815301076,1909f56bfc062723c751e8b465ee728b)
Start importing Assets/Kevin Iglesias/Melee Warrior Animations/AnimatorControllers/1H/1H@RunForward.controller using Guid(bc76af0d5ade37747bd4f4a7a41637b8) Importer(815301076,1909f56bfc062723c751e8b465ee728b)  -> (artifact id: 'fd733f714bc6277d1aa8d56ab1e7e143') in 0.024186 seconds 
========================================================================
Received Import Request.
  Time since last request: 30.475525 seconds.
  path: Assets/Kevin Iglesias/Melee Warrior Animations/AnimatorControllers/1H/1H@RunForwardRight.controller
  artifactKey: Guid(11c7fa51642b6e84fba9e641167bbace) Importer(815301076,1909f56bfc062723c751e8b465ee728b)
Start importing Assets/Kevin Iglesias/Melee Warrior Animations/AnimatorControllers/1H/1H@RunForwardRight.controller using Guid(11c7fa51642b6e84fba9e641167bbace) Importer(815301076,1909f56bfc062723c751e8b465ee728b)  -> (artifact id: 'e451c4c551fc013125dcc317f8dca959') in 0.012692 seconds 
========================================================================
Received Import Request.
  Time since last request: 0.412020 seconds.
  path: Assets/Kevin Iglesias/Melee Warrior Animations/AnimatorControllers/1H/1H@RunLeft.controller
  artifactKey: Guid(c9043fd785d9d3b409a591f59c8fa693) Importer(815301076,1909f56bfc062723c751e8b465ee728b)
Start importing Assets/Kevin Iglesias/Melee Warrior Animations/AnimatorControllers/1H/1H@RunLeft.controller using Guid(c9043fd785d9d3b409a591f59c8fa693) Importer(815301076,1909f56bfc062723c751e8b465ee728b)  -> (artifact id: '7af18342547bf4226d3dfbaedf10bbde') in 0.012006 seconds 
========================================================================
Received Import Request.
  Time since last request: 2.003936 seconds.
  path: Assets/Kevin Iglesias/Melee Warrior Animations/AnimatorControllers/1H/1H@RunRight.controller
  artifactKey: Guid(241c15a4a054daf47b6c962af157525c) Importer(815301076,1909f56bfc062723c751e8b465ee728b)
Start importing Assets/Kevin Iglesias/Melee Warrior Animations/AnimatorControllers/1H/1H@RunRight.controller using Guid(241c15a4a054daf47b6c962af157525c) Importer(815301076,1909f56bfc062723c751e8b465ee728b)  -> (artifact id: 'b7e0bebbaadeba504381d2d4bf7ea820') in 0.011857 seconds 
========================================================================
Received Import Request.
  Time since last request: 1.212755 seconds.
  path: Assets/Kevin Iglesias/Melee Warrior Animations/AnimatorControllers/1H/1H@ShieldAttacks.controller
  artifactKey: Guid(bbc979b0acea15b46baed65de61b56e6) Importer(815301076,1909f56bfc062723c751e8b465ee728b)
Start importing Assets/Kevin Iglesias/Melee Warrior Animations/AnimatorControllers/1H/1H@ShieldAttacks.controller using Guid(bbc979b0acea15b46baed65de61b56e6) Importer(815301076,1909f56bfc062723c751e8b465ee728b)  -> (artifact id: 'b6693792ae09151e9cfb250276cf39fb') in 0.015080 seconds 
========================================================================
Received Import Request.
  Time since last request: 1.880247 seconds.
  path: Assets/Kevin Iglesias/Melee Warrior Animations/AnimatorControllers/1H/1H@RunForwardLeft.controller
  artifactKey: Guid(d0b65a176c74f6b4cab2f8005fd0eef3) Importer(815301076,1909f56bfc062723c751e8b465ee728b)
Start importing Assets/Kevin Iglesias/Melee Warrior Animations/AnimatorControllers/1H/1H@RunForwardLeft.controller using Guid(d0b65a176c74f6b4cab2f8005fd0eef3) Importer(815301076,1909f56bfc062723c751e8b465ee728b)  -> (artifact id: '643829b1ce28e1bff6b76e84bc079148') in 0.020640 seconds 
========================================================================
Received Import Request.
  Time since last request: 52.841667 seconds.
  path: Assets/Kevin Iglesias/Melee Warrior Animations/AnimatorControllers/1H/1H@Sprint.controller
  artifactKey: Guid(91afbd9fdd9920a43b49f3f4537ffff7) Importer(815301076,1909f56bfc062723c751e8b465ee728b)
Start importing Assets/Kevin Iglesias/Melee Warrior Animations/AnimatorControllers/1H/1H@Sprint.controller using Guid(91afbd9fdd9920a43b49f3f4537ffff7) Importer(815301076,1909f56bfc062723c751e8b465ee728b)  -> (artifact id: '5f17f832cfc901a08f301e640f990dc0') in 0.015171 seconds 
========================================================================
Received Import Request.
  Time since last request: 0.858763 seconds.
  path: Assets/Kevin Iglesias/Melee Warrior Animations/AnimatorControllers/1H/1H@TakeDamage.controller
  artifactKey: Guid(aa595dbe63237734cb918763f97f9ef2) Importer(815301076,1909f56bfc062723c751e8b465ee728b)
Start importing Assets/Kevin Iglesias/Melee Warrior Animations/AnimatorControllers/1H/1H@TakeDamage.controller using Guid(aa595dbe63237734cb918763f97f9ef2) Importer(815301076,1909f56bfc062723c751e8b465ee728b)  -> (artifact id: '4bd5efdbefdf1f959bfba87c413f7ddf') in 0.012880 seconds 
========================================================================
Received Import Request.
  Time since last request: 42.780105 seconds.
  path: Assets/Kevin Iglesias/Melee Warrior Animations/Models/Characters/HumanMeleeWarrior.fbx
  artifactKey: Guid(9035850883732af4daf57c888e1fefce) Importer(815301076,1909f56bfc062723c751e8b465ee728b)
Start importing Assets/Kevin Iglesias/Melee Warrior Animations/Models/Characters/HumanMeleeWarrior.fbx using Guid(9035850883732af4daf57c888e1fefce) Importer(815301076,1909f56bfc062723c751e8b465ee728b)  -> (artifact id: '0be93f179567019701f1e24d386eb0c7') in 0.260328 seconds 
========================================================================
Received Import Request.
  Time since last request: 98.672531 seconds.
  path: Assets/Kevin Iglesias/Melee Warrior Animations/Models/Characters/MeleeWarriorUpperBody.mask
  artifactKey: Guid(e186a0c8c21ef0f4bbbc124ac286ab4d) Importer(815301076,1909f56bfc062723c751e8b465ee728b)
Start importing Assets/Kevin Iglesias/Melee Warrior Animations/Models/Characters/MeleeWarriorUpperBody.mask using Guid(e186a0c8c21ef0f4bbbc124ac286ab4d) Importer(815301076,1909f56bfc062723c751e8b465ee728b)  -> (artifact id: '736c0a9eb151f94b7ee9605c733a0703') in 0.029932 seconds 
========================================================================
Received Prepare
Registering precompiled user dll's ...
Registered in 0.004661 seconds.
Begin MonoManager ReloadAssembly
Symbol file LoadedFromMemory doesn't match image C:\Users\Emanuel\Documents\Proyectos Unity\topdowngame\Library\PackageCache\com.unity.collab-proxy@1.15.15\Lib\Editor\PlasticSCM\unityplastic.dll
Native extension for WindowsStandalone target not found
Native extension for WebGL target not found
Refreshing native plugins compatible for Editor in 0.48 ms, found 2 plugins.
Preloading 0 native plugins for Editor in 0.00 ms.
Mono: successfully reloaded assembly
- Completed reload, in  1.563 seconds
Domain Reload Profiling:
	ReloadAssembly (1563ms)
		BeginReloadAssembly (156ms)
			ExecutionOrderSort (0ms)
			DisableScriptedObjects (6ms)
			BackupInstance (0ms)
			ReleaseScriptingObjects (0ms)
			CreateAndSetChildDomain (46ms)
		EndReloadAssembly (1324ms)
			LoadAssemblies (144ms)
			RebuildTransferFunctionScriptingTraits (0ms)
			SetupTypeCache (414ms)
			ReleaseScriptCaches (1ms)
			RebuildScriptCaches (71ms)
			SetupLoadedEditorAssemblies (493ms)
				LogAssemblyErrors (0ms)
				InitializePlatformSupportModulesInManaged (17ms)
				SetLoadedEditorAssemblies (1ms)
				RefreshPlugins (1ms)
				BeforeProcessingInitializeOnLoad (150ms)
				ProcessInitializeOnLoadAttributes (305ms)
				ProcessInitializeOnLoadMethodAttributes (9ms)
				AfterProcessingInitializeOnLoad (11ms)
				EditorAssembliesLoaded (0ms)
			ExecutionOrderSort2 (0ms)
			AwakeInstancesAfterBackupRestoration (7ms)
Platform modules already initialized, skipping
Refreshing native plugins compatible for Editor in 0.36 ms, found 2 plugins.
Preloading 0 native plugins for Editor in 0.00 ms.
Unloading 1505 Unused Serialized files (Serialized files now loaded: 0)
System memory in use before: 87.1 MB.
System memory in use after: 87.2 MB.

Unloading 12 unused Assets to reduce memory usage. Loaded Objects now: 1963.
Total: 3.082800 ms (FindLiveObjects: 0.135600 ms CreateObjectMapping: 0.059100 ms MarkObjects: 2.851300 ms  DeleteObjects: 0.035800 ms)

AssetImportParameters requested are different than current active one (requested -> active):
  custom:framework-win-MediaFoundation: 216162199b28c13a410421893ffa2e32 -> 
  custom:video-decoder-ogg-theora: a1e56fd34408186e4bbccfd4996cb3dc -> 
  custom:container-muxer-webm: aa71ff27fc2769a1b78a27578f13a17b -> 
  custom:container-demuxer-webm: 4f35f7cbe854078d1ac9338744f61a02 -> 
  custom:container-demuxer-ogg: 62fdf1f143b41e24485cea50d1cbac27 -> 
  custom:video-encoder-webm-vp8: eb34c28f22e8b96e1ab97ce403110664 -> 
  custom:video-decoder-webm-vp8: 9c59270c3fd7afecdb556c50c9e8de78 -> 
  custom:audio-decoder-ogg-vorbis: bf7c407c2cedff20999df2af8eb42d56 -> 
  custom:audio-encoder-webm-vorbis: bf7c407c2cedff20999df2af8eb42d56 -> 
========================================================================
Received Import Request.
  Time since last request: 27.542292 seconds.
  path: Assets/Kevin Iglesias/Melee Warrior Animations/Animations/MeleeWarrior@Death01.fbx
  artifactKey: Guid(0a205e82d4075b346b912ccfe0a0bfd2) Importer(815301076,1909f56bfc062723c751e8b465ee728b)
Start importing Assets/Kevin Iglesias/Melee Warrior Animations/Animations/MeleeWarrior@Death01.fbx using Guid(0a205e82d4075b346b912ccfe0a0bfd2) Importer(815301076,1909f56bfc062723c751e8b465ee728b)  -> (artifact id: '3f74c292b6bf9a909965cc9135e122c4') in 0.039834 seconds 
========================================================================
Received Import Request.
  Time since last request: 1.121007 seconds.
  path: Assets/Kevin Iglesias/Melee Warrior Animations/Animations/OneHanded
  artifactKey: Guid(bfb1f4cccd2e2cd4a9ec38006166f13d) Importer(815301076,1909f56bfc062723c751e8b465ee728b)
Start importing Assets/Kevin Iglesias/Melee Warrior Animations/Animations/OneHanded using Guid(bfb1f4cccd2e2cd4a9ec38006166f13d) Importer(815301076,1909f56bfc062723c751e8b465ee728b)  -> (artifact id: '0a120805315cb6d72967f0f9a7e4a460') in 0.011353 seconds 
========================================================================
Received Import Request.
  Time since last request: 1.160247 seconds.
  path: Assets/Kevin Iglesias/Melee Warrior Animations/Animations/OneHanded/Shield
  artifactKey: Guid(cf67dfc4b6ae1ba4baf37e7820474c10) Importer(815301076,1909f56bfc062723c751e8b465ee728b)
Start importing Assets/Kevin Iglesias/Melee Warrior Animations/Animations/OneHanded/Shield using Guid(cf67dfc4b6ae1ba4baf37e7820474c10) Importer(815301076,1909f56bfc062723c751e8b465ee728b)  -> (artifact id: '8932991f6ae7f0039de4f790af999c05') in 0.009082 seconds 
========================================================================
Received Import Request.
  Time since last request: 0.035590 seconds.
  path: Assets/Kevin Iglesias/Melee Warrior Animations/Animations/OneHanded/Shield/Shield@ShieldAttack01.fbx
  artifactKey: Guid(008afb724902e7c49b099951c0e5aa83) Importer(815301076,1909f56bfc062723c751e8b465ee728b)
Start importing Assets/Kevin Iglesias/Melee Warrior Animations/Animations/OneHanded/Shield/Shield@ShieldAttack01.fbx using Guid(008afb724902e7c49b099951c0e5aa83) Importer(815301076,1909f56bfc062723c751e8b465ee728b)  -> (artifact id: '404c75c86399aafd8b062fb97441b63b') in 0.015067 seconds 
========================================================================
Received Import Request.
  Time since last request: 12.668108 seconds.
  path: Assets/Barbarian/Animators
  artifactKey: Guid(a48f0e1e56f7c3642978e6b7c3945827) Importer(815301076,1909f56bfc062723c751e8b465ee728b)
Start importing Assets/Barbarian/Animators using Guid(a48f0e1e56f7c3642978e6b7c3945827) Importer(815301076,1909f56bfc062723c751e8b465ee728b)  -> (artifact id: '27730b65e41e7710897f0974677a7b43') in 0.032555 seconds 
========================================================================
Received Import Request.
  Time since last request: 14.704564 seconds.
  path: Assets/Barbarian/Animators/Barbarian.controller
  artifactKey: Guid(b950220924c6d104bbb52d0b5c663499) Importer(815301076,1909f56bfc062723c751e8b465ee728b)
Start importing Assets/Barbarian/Animators/Barbarian.controller using Guid(b950220924c6d104bbb52d0b5c663499) Importer(815301076,1909f56bfc062723c751e8b465ee728b)  -> (artifact id: '36d48fb42e19c70179b7a138a335b289') in 0.007846 seconds 
========================================================================
Received Import Request.
  Time since last request: 18.788256 seconds.
  path: Assets/Kevin Iglesias/Melee Warrior Animations/Animations/OneHanded/Movement/1H@Run01.fbx
  artifactKey: Guid(5fe51830c6e12034892d1041e85357b6) Importer(815301076,1909f56bfc062723c751e8b465ee728b)
Start importing Assets/Kevin Iglesias/Melee Warrior Animations/Animations/OneHanded/Movement/1H@Run01.fbx using Guid(5fe51830c6e12034892d1041e85357b6) Importer(815301076,1909f56bfc062723c751e8b465ee728b)  -> (artifact id: '585b1702427ec3b3a8a625934833335a') in 0.017847 seconds 
========================================================================
Received Import Request.
  Time since last request: 0.000242 seconds.
  path: Assets/Kevin Iglesias/Melee Warrior Animations/Animations/OneHanded/Movement/1H@Sprint01.fbx
  artifactKey: Guid(6d3c15f13c10feb4f89c2078fb15fdd8) Importer(815301076,1909f56bfc062723c751e8b465ee728b)
Start importing Assets/Kevin Iglesias/Melee Warrior Animations/Animations/OneHanded/Movement/1H@Sprint01.fbx using Guid(6d3c15f13c10feb4f89c2078fb15fdd8) Importer(815301076,1909f56bfc062723c751e8b465ee728b)  -> (artifact id: '6fbcce5757b6f15f7169eacafeb3ec45') in 0.030467 seconds 
========================================================================
Received Import Request.
  Time since last request: 142.453893 seconds.
  path: Assets/Kevin Iglesias/Melee Warrior Animations/Animations/OneHanded/RightHand/RightHand@Attack01.fbx
  artifactKey: Guid(f1613afb92638e743bace9a9392b5ee7) Importer(815301076,1909f56bfc062723c751e8b465ee728b)
Start importing Assets/Kevin Iglesias/Melee Warrior Animations/Animations/OneHanded/RightHand/RightHand@Attack01.fbx using Guid(f1613afb92638e743bace9a9392b5ee7) Importer(815301076,1909f56bfc062723c751e8b465ee728b)  -> (artifact id: '356b803db805cd8702a653dd1945db63') in 0.015551 seconds 
========================================================================
Received Import Request.
  Time since last request: 7.863921 seconds.
  path: Assets/Kevin Iglesias/Melee Warrior Animations/Animations/OneHanded/Movement
  artifactKey: Guid(a871c4a4cdca307409554c143a25aaa6) Importer(815301076,1909f56bfc062723c751e8b465ee728b)
Start importing Assets/Kevin Iglesias/Melee Warrior Animations/Animations/OneHanded/Movement using Guid(a871c4a4cdca307409554c143a25aaa6) Importer(815301076,1909f56bfc062723c751e8b465ee728b)  -> (artifact id: '6e2802660b40de37a4ac5146895bfb06') in 0.014407 seconds 
========================================================================
Received Import Request.
  Time since last request: 1.370286 seconds.
  path: Assets/Kevin Iglesias/Melee Warrior Animations/Animations/OneHanded/RightHand
  artifactKey: Guid(e25a9f53f210bc341872e124a41d463d) Importer(815301076,1909f56bfc062723c751e8b465ee728b)
Start importing Assets/Kevin Iglesias/Melee Warrior Animations/Animations/OneHanded/RightHand using Guid(e25a9f53f210bc341872e124a41d463d) Importer(815301076,1909f56bfc062723c751e8b465ee728b)  -> (artifact id: 'd6c8f6da59cbd3da2b16fc1a3e45606d') in 0.009035 seconds 
========================================================================
Received Prepare
Registering precompiled user dll's ...
Registered in 0.003456 seconds.
Begin MonoManager ReloadAssembly
Symbol file LoadedFromMemory doesn't match image C:\Users\Emanuel\Documents\Proyectos Unity\topdowngame\Library\PackageCache\com.unity.collab-proxy@1.15.15\Lib\Editor\PlasticSCM\unityplastic.dll
Native extension for WindowsStandalone target not found
Native extension for WebGL target not found
Refreshing native plugins compatible for Editor in 0.37 ms, found 2 plugins.
Preloading 0 native plugins for Editor in 0.00 ms.
Mono: successfully reloaded assembly
- Completed reload, in  1.439 seconds
Domain Reload Profiling:
	ReloadAssembly (1440ms)
		BeginReloadAssembly (181ms)
			ExecutionOrderSort (0ms)
			DisableScriptedObjects (7ms)
			BackupInstance (0ms)
			ReleaseScriptingObjects (0ms)
			CreateAndSetChildDomain (55ms)
		EndReloadAssembly (1136ms)
			LoadAssemblies (162ms)
			RebuildTransferFunctionScriptingTraits (0ms)
			SetupTypeCache (424ms)
			ReleaseScriptCaches (1ms)
			RebuildScriptCaches (51ms)
			SetupLoadedEditorAssemblies (399ms)
				LogAssemblyErrors (0ms)
				InitializePlatformSupportModulesInManaged (7ms)
				SetLoadedEditorAssemblies (1ms)
				RefreshPlugins (0ms)
				BeforeProcessingInitializeOnLoad (101ms)
				ProcessInitializeOnLoadAttributes (265ms)
				ProcessInitializeOnLoadMethodAttributes (10ms)
				AfterProcessingInitializeOnLoad (14ms)
				EditorAssembliesLoaded (0ms)
			ExecutionOrderSort2 (0ms)
			AwakeInstancesAfterBackupRestoration (11ms)
Platform modules already initialized, skipping
Refreshing native plugins compatible for Editor in 0.58 ms, found 2 plugins.
Preloading 0 native plugins for Editor in 0.00 ms.
Unloading 1506 Unused Serialized files (Serialized files now loaded: 0)
System memory in use before: 87.2 MB.
System memory in use after: 87.3 MB.

Unloading 11 unused Assets to reduce memory usage. Loaded Objects now: 1967.
Total: 4.484300 ms (FindLiveObjects: 0.187900 ms CreateObjectMapping: 0.132900 ms MarkObjects: 4.138900 ms  DeleteObjects: 0.023600 ms)

AssetImportParameters requested are different than current active one (requested -> active):
  custom:framework-win-MediaFoundation: 216162199b28c13a410421893ffa2e32 -> 
  custom:video-decoder-ogg-theora: a1e56fd34408186e4bbccfd4996cb3dc -> 
  custom:container-muxer-webm: aa71ff27fc2769a1b78a27578f13a17b -> 
  custom:container-demuxer-webm: 4f35f7cbe854078d1ac9338744f61a02 -> 
  custom:container-demuxer-ogg: 62fdf1f143b41e24485cea50d1cbac27 -> 
  custom:video-encoder-webm-vp8: eb34c28f22e8b96e1ab97ce403110664 -> 
  custom:video-decoder-webm-vp8: 9c59270c3fd7afecdb556c50c9e8de78 -> 
  custom:audio-decoder-ogg-vorbis: bf7c407c2cedff20999df2af8eb42d56 -> 
  custom:audio-encoder-webm-vorbis: bf7c407c2cedff20999df2af8eb42d56 -> 
========================================================================
Received Import Request.
  Time since last request: 173.000746 seconds.
  path: Assets/PlayerRun.cs
  artifactKey: Guid(1611860b638ff1540b5ce6f7409642b8) Importer(815301076,1909f56bfc062723c751e8b465ee728b)
Start importing Assets/PlayerRun.cs using Guid(1611860b638ff1540b5ce6f7409642b8) Importer(815301076,1909f56bfc062723c751e8b465ee728b)  -> (artifact id: 'dd80d75ea5848a161a8ffa337e795742') in 0.029022 seconds 
========================================================================
Received Prepare
Registering precompiled user dll's ...
Registered in 0.003848 seconds.
Begin MonoManager ReloadAssembly
Symbol file LoadedFromMemory doesn't match image C:\Users\Emanuel\Documents\Proyectos Unity\topdowngame\Library\PackageCache\com.unity.collab-proxy@1.15.15\Lib\Editor\PlasticSCM\unityplastic.dll
Native extension for WindowsStandalone target not found
Native extension for WebGL target not found
Refreshing native plugins compatible for Editor in 0.38 ms, found 2 plugins.
Preloading 0 native plugins for Editor in 0.00 ms.
Mono: successfully reloaded assembly
- Completed reload, in  1.321 seconds
Domain Reload Profiling:
	ReloadAssembly (1321ms)
		BeginReloadAssembly (199ms)
			ExecutionOrderSort (0ms)
			DisableScriptedObjects (5ms)
			BackupInstance (0ms)
			ReleaseScriptingObjects (0ms)
			CreateAndSetChildDomain (69ms)
		EndReloadAssembly (1034ms)
			LoadAssemblies (187ms)
			RebuildTransferFunctionScriptingTraits (0ms)
			SetupTypeCache (357ms)
			ReleaseScriptCaches (1ms)
			RebuildScriptCaches (50ms)
			SetupLoadedEditorAssemblies (354ms)
				LogAssemblyErrors (0ms)
				InitializePlatformSupportModulesInManaged (6ms)
				SetLoadedEditorAssemblies (1ms)
				RefreshPlugins (0ms)
				BeforeProcessingInitializeOnLoad (110ms)
				ProcessInitializeOnLoadAttributes (221ms)
				ProcessInitializeOnLoadMethodAttributes (11ms)
				AfterProcessingInitializeOnLoad (5ms)
				EditorAssembliesLoaded (0ms)
			ExecutionOrderSort2 (0ms)
			AwakeInstancesAfterBackupRestoration (7ms)
Platform modules already initialized, skipping
Refreshing native plugins compatible for Editor in 0.36 ms, found 2 plugins.
Preloading 0 native plugins for Editor in 0.00 ms.
Unloading 1505 Unused Serialized files (Serialized files now loaded: 0)
System memory in use before: 87.2 MB.
System memory in use after: 87.3 MB.

Unloading 12 unused Assets to reduce memory usage. Loaded Objects now: 1969.
Total: 2.732000 ms (FindLiveObjects: 0.139300 ms CreateObjectMapping: 0.061200 ms MarkObjects: 2.508100 ms  DeleteObjects: 0.022700 ms)

AssetImportParameters requested are different than current active one (requested -> active):
  custom:framework-win-MediaFoundation: 216162199b28c13a410421893ffa2e32 -> 
  custom:video-decoder-ogg-theora: a1e56fd34408186e4bbccfd4996cb3dc -> 
  custom:container-muxer-webm: aa71ff27fc2769a1b78a27578f13a17b -> 
  custom:container-demuxer-webm: 4f35f7cbe854078d1ac9338744f61a02 -> 
  custom:container-demuxer-ogg: 62fdf1f143b41e24485cea50d1cbac27 -> 
  custom:video-encoder-webm-vp8: eb34c28f22e8b96e1ab97ce403110664 -> 
  custom:video-decoder-webm-vp8: 9c59270c3fd7afecdb556c50c9e8de78 -> 
  custom:audio-decoder-ogg-vorbis: bf7c407c2cedff20999df2af8eb42d56 -> 
  custom:audio-encoder-webm-vorbis: bf7c407c2cedff20999df2af8eb42d56 -> 
========================================================================
Received Prepare
Registering precompiled user dll's ...
Registered in 0.005083 seconds.
Begin MonoManager ReloadAssembly
Symbol file LoadedFromMemory doesn't match image C:\Users\Emanuel\Documents\Proyectos Unity\topdowngame\Library\PackageCache\com.unity.collab-proxy@1.15.15\Lib\Editor\PlasticSCM\unityplastic.dll
Native extension for WindowsStandalone target not found
Native extension for WebGL target not found
Refreshing native plugins compatible for Editor in 0.37 ms, found 2 plugins.
Preloading 0 native plugins for Editor in 0.00 ms.
Mono: successfully reloaded assembly
- Completed reload, in  1.354 seconds
Domain Reload Profiling:
	ReloadAssembly (1355ms)
		BeginReloadAssembly (141ms)
			ExecutionOrderSort (0ms)
			DisableScriptedObjects (8ms)
			BackupInstance (0ms)
			ReleaseScriptingObjects (0ms)
			CreateAndSetChildDomain (41ms)
		EndReloadAssembly (1072ms)
			LoadAssemblies (113ms)
			RebuildTransferFunctionScriptingTraits (0ms)
			SetupTypeCache (352ms)
			ReleaseScriptCaches (1ms)
			RebuildScriptCaches (51ms)
			SetupLoadedEditorAssemblies (420ms)
				LogAssemblyErrors (0ms)
				InitializePlatformSupportModulesInManaged (8ms)
				SetLoadedEditorAssemblies (1ms)
				RefreshPlugins (0ms)
				BeforeProcessingInitializeOnLoad (109ms)
				ProcessInitializeOnLoadAttributes (285ms)
				ProcessInitializeOnLoadMethodAttributes (11ms)
				AfterProcessingInitializeOnLoad (6ms)
				EditorAssembliesLoaded (0ms)
			ExecutionOrderSort2 (0ms)
			AwakeInstancesAfterBackupRestoration (7ms)
Platform modules already initialized, skipping
Refreshing native plugins compatible for Editor in 0.41 ms, found 2 plugins.
Preloading 0 native plugins for Editor in 0.00 ms.
Unloading 1505 Unused Serialized files (Serialized files now loaded: 0)
System memory in use before: 87.2 MB.
System memory in use after: 87.4 MB.

Unloading 11 unused Assets to reduce memory usage. Loaded Objects now: 1972.
Total: 2.945400 ms (FindLiveObjects: 0.142000 ms CreateObjectMapping: 0.062700 ms MarkObjects: 2.713300 ms  DeleteObjects: 0.026300 ms)

AssetImportParameters requested are different than current active one (requested -> active):
  custom:framework-win-MediaFoundation: 216162199b28c13a410421893ffa2e32 -> 
  custom:video-decoder-ogg-theora: a1e56fd34408186e4bbccfd4996cb3dc -> 
  custom:container-muxer-webm: aa71ff27fc2769a1b78a27578f13a17b -> 
  custom:container-demuxer-webm: 4f35f7cbe854078d1ac9338744f61a02 -> 
  custom:container-demuxer-ogg: 62fdf1f143b41e24485cea50d1cbac27 -> 
  custom:video-encoder-webm-vp8: eb34c28f22e8b96e1ab97ce403110664 -> 
  custom:video-decoder-webm-vp8: 9c59270c3fd7afecdb556c50c9e8de78 -> 
  custom:audio-decoder-ogg-vorbis: bf7c407c2cedff20999df2af8eb42d56 -> 
  custom:audio-encoder-webm-vorbis: bf7c407c2cedff20999df2af8eb42d56 -> 
========================================================================
Received Prepare
Registering precompiled user dll's ...
Registered in 0.002380 seconds.
Begin MonoManager ReloadAssembly
Symbol file LoadedFromMemory doesn't match image C:\Users\Emanuel\Documents\Proyectos Unity\topdowngame\Library\PackageCache\com.unity.collab-proxy@1.15.15\Lib\Editor\PlasticSCM\unityplastic.dll
Native extension for WindowsStandalone target not found
Native extension for WebGL target not found
Refreshing native plugins compatible for Editor in 0.36 ms, found 2 plugins.
Preloading 0 native plugins for Editor in 0.00 ms.
Mono: successfully reloaded assembly
- Completed reload, in  1.054 seconds
Domain Reload Profiling:
	ReloadAssembly (1055ms)
		BeginReloadAssembly (110ms)
			ExecutionOrderSort (0ms)
			DisableScriptedObjects (5ms)
			BackupInstance (0ms)
			ReleaseScriptingObjects (0ms)
			CreateAndSetChildDomain (30ms)
		EndReloadAssembly (876ms)
			LoadAssemblies (97ms)
			RebuildTransferFunctionScriptingTraits (0ms)
			SetupTypeCache (317ms)
			ReleaseScriptCaches (1ms)
			RebuildScriptCaches (47ms)
			SetupLoadedEditorAssemblies (306ms)
				LogAssemblyErrors (0ms)
				InitializePlatformSupportModulesInManaged (7ms)
				SetLoadedEditorAssemblies (1ms)
				RefreshPlugins (0ms)
				BeforeProcessingInitializeOnLoad (94ms)
				ProcessInitializeOnLoadAttributes (191ms)
				ProcessInitializeOnLoadMethodAttributes (9ms)
				AfterProcessingInitializeOnLoad (5ms)
				EditorAssembliesLoaded (0ms)
			ExecutionOrderSort2 (0ms)
			AwakeInstancesAfterBackupRestoration (7ms)
Platform modules already initialized, skipping
Refreshing native plugins compatible for Editor in 0.41 ms, found 2 plugins.
Preloading 0 native plugins for Editor in 0.00 ms.
Unloading 1505 Unused Serialized files (Serialized files now loaded: 0)
System memory in use before: 87.3 MB.
System memory in use after: 87.4 MB.

Unloading 11 unused Assets to reduce memory usage. Loaded Objects now: 1975.
Total: 3.096000 ms (FindLiveObjects: 0.131900 ms CreateObjectMapping: 0.061600 ms MarkObjects: 2.878700 ms  DeleteObjects: 0.022900 ms)

AssetImportParameters requested are different than current active one (requested -> active):
  custom:framework-win-MediaFoundation: 216162199b28c13a410421893ffa2e32 -> 
  custom:video-decoder-ogg-theora: a1e56fd34408186e4bbccfd4996cb3dc -> 
  custom:container-muxer-webm: aa71ff27fc2769a1b78a27578f13a17b -> 
  custom:container-demuxer-webm: 4f35f7cbe854078d1ac9338744f61a02 -> 
  custom:container-demuxer-ogg: 62fdf1f143b41e24485cea50d1cbac27 -> 
  custom:video-encoder-webm-vp8: eb34c28f22e8b96e1ab97ce403110664 -> 
  custom:video-decoder-webm-vp8: 9c59270c3fd7afecdb556c50c9e8de78 -> 
  custom:audio-decoder-ogg-vorbis: bf7c407c2cedff20999df2af8eb42d56 -> 
  custom:audio-encoder-webm-vorbis: bf7c407c2cedff20999df2af8eb42d56 -> 
AssetImportWorkerClient::OnTransportError - code=2 error=End of file
